2017-01-12 13:07:48,282 INFO  [Log] Number of courses	:     21 
2017-01-12 13:08:19,931 INFO  [Log] language: English 
2017-01-12 13:08:35,952 INFO  [Log] No packet tracer found 
2017-01-12 13:11:15,003 INFO  [Log] language: English 
2017-01-12 13:11:31,166 INFO  [Log] No packet tracer found 
2017-01-12 13:13:16,200 INFO  [Log] language: English 
2017-01-12 13:14:51,780 INFO  [Log] Number of courses	:     21 
2017-01-12 13:15:22,661 INFO  [Log] language: English 
2017-01-12 13:15:32,268 INFO  [Log] Select Save File: 
2017-01-12 13:19:29,378 INFO  [Log] language: English 
2017-01-12 13:19:45,401 INFO  [Log] No packet tracer found 
2017-01-12 13:22:50,389 INFO  [Log] Number of courses	:     21 
2017-01-12 13:23:33,005 INFO  [Log] language: English 
2017-01-12 13:23:51,623 INFO  [Log] No packet tracer found 
2017-01-12 13:28:42,725 INFO  [Log] Number of courses	:     21 
2017-01-12 13:29:11,201 INFO  [Log] language: English 
2017-01-12 13:29:20,600 INFO  [Log] Select Save File: 
2017-01-12 13:31:15,639 INFO  [Log] language: English 
2017-01-12 14:07:43,175 INFO  [Log] Number of courses	:     21 
2017-01-12 14:08:12,471 INFO  [Log] language: English 
2017-01-12 14:08:22,097 INFO  [Log] Select Save File: 
2017-01-12 14:12:15,328 INFO  [Log] Number of courses	:     21 
2017-01-12 14:41:27,128 INFO  [Log] Number of courses	:     21 
2017-01-12 14:42:07,390 INFO  [Log] language: English 
2017-01-12 14:42:17,144 INFO  [Log] Select Save File: 
2017-01-12 14:44:08,979 INFO  [Log] language: English 
2017-01-12 14:45:41,969 INFO  [Log] Number of courses	:     21 
2017-01-12 14:46:11,493 INFO  [Log] language: English 
2017-01-12 14:46:21,694 INFO  [Log] Select Save File: 
2017-01-12 14:49:04,233 INFO  [Log] Number of courses	:     21 
2017-01-12 14:49:39,683 INFO  [Log] language: English 
2017-01-12 14:49:49,153 INFO  [Log] Select Save File: 
2017-01-12 14:51:41,210 INFO  [Log] language: English 
2017-01-12 14:51:51,130 INFO  [Log] Select Save File: 
2017-01-12 14:53:34,732 INFO  [Log] language: English 
2017-01-12 14:53:44,869 INFO  [Log] Select Save File: 
2017-01-19 12:04:27,071 INFO  [Log] Number of courses	:     19 
2017-01-19 12:07:30,686 INFO  [Log] Number of courses	:     19 
2017-01-19 12:08:09,337 INFO  [Log] language: Arabic 
2017-01-19 12:08:25,956 INFO  [Log] No packet tracer found 
2017-01-19 12:13:43,514 INFO  [Log] Number of courses	:     19 
2017-01-19 12:34:25,123 INFO  [Log] Number of courses	:     19 
2017-01-19 12:35:05,915 INFO  [Log] language: Arabic 
2017-01-19 12:35:22,490 INFO  [Log] No packet tracer found 
2017-01-23 12:55:36,027 INFO  [Log] Goal Experince is selected: To enter or advance in a career in IT 
2017-01-23 12:55:38,578 INFO  [Log] IT Experince is selected: Three to Five years 
2017-01-23 12:55:41,094 INFO  [Log] Gender is selected: Female 
2017-01-23 12:55:43,539 INFO  [Log] Race is selected: Hispanic or Latino 
2017-01-23 12:55:46,007 INFO  [Log] Military Service is selected: Yes 
2017-01-23 13:12:18,255 INFO  [Log] Number of courses	:     15 
2017-01-23 13:13:07,332 INFO  [Log] language: French 
2017-01-23 13:13:25,920 INFO  [Log] No packet tracer found 
2017-01-23 13:19:02,608 INFO  [Log] Goal Experince is selected: To enter or advance in a career in IT 
2017-01-23 13:19:05,350 INFO  [Log] IT Experince is selected: Three to Five years 
2017-01-23 13:19:07,993 INFO  [Log] Gender is selected: Female 
2017-01-23 13:19:10,487 INFO  [Log] Race is selected: Hispanic or Latino 
2017-01-23 13:19:13,056 INFO  [Log] Military Service is selected: Yes 
2017-01-23 13:19:27,893 INFO  [Log] Number of courses	:     15 
2017-01-23 13:19:58,864 INFO  [Log] language: French 
2017-01-23 13:20:16,013 INFO  [Log] No packet tracer found 
2017-01-24 17:33:03,099 INFO  [Log] Number of courses	:     3 
2017-01-24 17:33:31,194 INFO  [Log] language: English 
2017-01-24 17:33:46,009 INFO  [Log] No packet tracer found 
2017-01-24 18:07:45,135 INFO  [Log] Number of courses	:     3 
2017-01-24 18:08:13,847 INFO  [Log] language: English 
2017-01-24 18:08:29,721 INFO  [Log] No packet tracer found 
2017-01-24 18:10:30,012 INFO  [Log] Number of courses	:     3 
2017-01-24 18:10:59,458 INFO  [Log] language: English 
2017-01-24 18:11:14,023 INFO  [Log] No packet tracer found 
2017-01-24 18:24:11,652 INFO  [Log] Number of courses	:     3 
2017-01-24 18:24:40,719 INFO  [Log] language: English 
2017-01-24 18:24:57,278 INFO  [Log] No packet tracer found 
2017-01-24 18:33:45,877 INFO  [Log] Number of courses	:     3 
2017-01-24 18:34:24,598 INFO  [Log] language: English 
2017-01-24 18:34:39,994 INFO  [Log] No packet tracer found 
2017-01-25 12:28:09,670 INFO  [Log] Number of courses	:     3 
2017-01-25 12:28:47,193 INFO  [Log] language: English 
2017-01-25 12:29:02,150 INFO  [Log] No packet tracer found 
2017-01-25 14:59:47,849 INFO  [Log] Number of courses	:     3 
2017-01-25 15:00:21,840 INFO  [Log] language: English 
2017-01-25 15:00:36,293 INFO  [Log] No packet tracer found 
2017-01-25 15:06:04,224 INFO  [Log] Number of courses	:     3 
2017-01-25 15:06:36,739 INFO  [Log] language: English 
2017-01-25 15:06:52,078 INFO  [Log] No packet tracer found 
2017-01-25 15:19:54,693 INFO  [Log] Number of courses	:     3 
2017-01-25 15:20:32,446 INFO  [Log] language: English 
2017-01-25 15:20:47,635 INFO  [Log] No packet tracer found 
2017-01-25 15:25:57,854 INFO  [Log] Number of courses	:     3 
2017-01-25 15:26:22,884 INFO  [Log] language: English 
2017-01-25 15:28:02,929 INFO  [Log] Number of courses	:     3 
2017-01-25 15:28:29,643 INFO  [Log] language: English 
2017-01-25 15:36:15,058 INFO  [Log] Number of courses	:     3 
2017-01-25 15:36:46,639 INFO  [Log] language: English 
2017-01-25 15:41:25,129 INFO  [Log] Number of courses	:     3 
2017-01-25 15:41:51,860 INFO  [Log] language: English 
2017-01-25 15:42:09,684 INFO  [Log] No packet tracer found 
2017-01-25 15:45:24,262 INFO  [Log] Number of courses	:     3 
2017-01-25 15:45:53,125 INFO  [Log] language: English 
2017-01-25 15:46:08,442 INFO  [Log] No packet tracer found 
2017-01-25 15:59:30,987 INFO  [Log] Number of courses	:     3 
2017-01-25 16:00:00,592 INFO  [Log] language: English 
2017-01-25 16:00:15,851 INFO  [Log] No packet tracer found 
2017-01-25 16:08:06,437 INFO  [Log] Number of courses	:     3 
2017-01-25 16:08:34,406 INFO  [Log] language: English 
2017-01-25 16:08:49,469 INFO  [Log] No packet tracer found 
2017-01-25 16:21:15,362 INFO  [Log] Number of courses	:     3 
2017-01-25 16:21:45,398 INFO  [Log] language: English 
2017-01-25 16:22:02,168 INFO  [Log] No packet tracer found 
2017-01-25 16:26:38,684 INFO  [Log] Number of courses	:     3 
2017-01-25 16:27:05,773 INFO  [Log] language: English 
2017-01-25 16:27:20,306 INFO  [Log] No packet tracer found 
2017-01-25 16:35:04,080 INFO  [Log] Number of courses	:     3 
2017-01-25 16:35:32,019 INFO  [Log] language: English 
2017-01-25 16:35:46,806 INFO  [Log] No packet tracer found 
2017-01-25 16:40:16,115 INFO  [Log] Number of courses	:     3 
2017-01-25 16:40:45,277 INFO  [Log] language: English 
2017-01-25 16:40:59,911 INFO  [Log] No packet tracer found 
2017-01-25 16:52:01,352 INFO  [Log] Number of courses	:     3 
2017-01-25 16:52:32,717 INFO  [Log] language: English 
2017-01-25 16:52:47,599 INFO  [Log] No packet tracer found 
2017-01-25 16:58:21,651 INFO  [Log] Number of courses	:     3 
2017-01-25 16:58:48,667 INFO  [Log] language: English 
2017-01-25 16:59:03,417 INFO  [Log] No packet tracer found 
2017-01-27 11:38:20,090 INFO  [Log] Number of courses	:     3 
2017-01-27 11:38:50,013 INFO  [Log] language: English 
2017-01-27 11:39:04,729 INFO  [Log] No packet tracer found 
2017-01-27 11:59:43,390 INFO  [Log] Number of courses	:     3 
2017-01-27 12:00:11,125 INFO  [Log] language: English 
2017-01-27 12:00:26,703 INFO  [Log] No packet tracer found 
2017-01-27 12:04:06,847 INFO  [Log] Number of courses	:     3 
2017-01-27 12:04:38,260 INFO  [Log] language: English 
2017-01-27 12:04:56,971 INFO  [Log] No packet tracer found 
2017-01-27 12:09:28,214 INFO  [Log] Number of courses	:     3 
2017-01-27 12:10:22,283 INFO  [Log] language: English 
2017-01-27 12:10:36,854 INFO  [Log] No packet tracer found 
2017-01-27 12:26:24,159 INFO  [Log] Number of courses	:     3 
2017-01-27 12:26:56,234 INFO  [Log] language: English 
2017-01-27 12:27:11,424 INFO  [Log] No packet tracer found 
2017-01-27 12:33:13,779 INFO  [Log] Number of courses	:     3 
2017-01-27 12:33:38,432 INFO  [Log] language: English 
2017-01-27 12:33:52,961 INFO  [Log] No packet tracer found 
2017-01-27 12:46:43,107 INFO  [Log] Number of courses	:     3 
2017-01-27 12:47:08,242 INFO  [Log] language: English 
2017-01-27 12:47:22,833 INFO  [Log] No packet tracer found 
2017-01-27 12:51:30,986 INFO  [Log] Number of courses	:     3 
2017-01-27 12:51:55,501 INFO  [Log] language: English 
2017-01-27 12:52:10,080 INFO  [Log] No packet tracer found 
2017-01-27 12:58:06,134 INFO  [Log] Number of courses	:     3 
2017-01-27 12:58:29,133 INFO  [Log] language: English 
2017-01-27 12:58:45,676 INFO  [Log] No packet tracer found 
2017-01-27 13:28:32,537 INFO  [Log] Number of courses	:     3 
2017-01-27 13:28:57,190 INFO  [Log] language: English 
2017-01-27 13:29:11,847 INFO  [Log] No packet tracer found 
2017-01-27 13:42:12,608 INFO  [Log] Number of courses	:     3 
2017-01-27 13:42:40,247 INFO  [Log] language: English 
2017-01-27 13:42:55,134 INFO  [Log] No packet tracer found 
2017-01-27 13:48:53,745 INFO  [Log] Number of courses	:     3 
2017-01-27 13:49:18,441 INFO  [Log] language: English 
2017-01-27 13:49:33,121 INFO  [Log] No packet tracer found 
2017-01-27 14:15:48,769 INFO  [Log] Number of courses	:     3 
2017-01-27 14:16:12,523 INFO  [Log] language: English 
2017-01-27 14:16:27,402 INFO  [Log] No packet tracer found 
2017-01-27 15:17:45,488 INFO  [Log] Number of courses	:     3 
2017-01-27 15:18:11,149 INFO  [Log] language: English 
2017-01-27 15:18:27,245 INFO  [Log] No packet tracer found 
2017-01-27 15:21:25,273 INFO  [Log] Number of courses	:     3 
2017-01-27 15:22:12,498 INFO  [Log] language: English 
2017-01-27 15:22:27,556 INFO  [Log] No packet tracer found 
2017-01-27 15:39:30,604 INFO  [Log] Number of courses	:     3 
2017-01-27 15:39:57,215 INFO  [Log] language: English 
2017-01-27 15:40:11,951 INFO  [Log] No packet tracer found 
2017-01-27 15:44:24,830 INFO  [Log] Number of courses	:     3 
2017-01-27 15:44:50,045 INFO  [Log] language: English 
2017-01-27 15:45:04,720 INFO  [Log] No packet tracer found 
2017-01-27 16:04:45,205 INFO  [Log] Number of courses	:     3 
2017-01-27 16:11:53,474 INFO  [Log] Number of courses	:     3 
2017-01-27 16:12:19,083 INFO  [Log] language: English 
2017-01-27 16:12:33,457 INFO  [Log] No packet tracer found 
2017-01-27 16:30:56,484 INFO  [Log] Number of courses	:     3 
2017-01-27 16:31:21,643 INFO  [Log] language: English 
2017-01-27 16:31:36,324 INFO  [Log] No packet tracer found 
2017-01-27 16:38:36,995 INFO  [Log] Number of courses	:     3 
2017-01-27 16:39:31,528 INFO  [Log] language: English 
2017-01-27 16:39:45,894 INFO  [Log] No packet tracer found 
2017-01-27 17:38:37,517 INFO  [Log] Number of courses	:     3 
2017-01-27 17:39:03,272 INFO  [Log] language: English 
2017-01-27 17:39:18,180 INFO  [Log] No packet tracer found 
2017-01-27 17:40:50,667 INFO  [Log] Number of courses	:     3 
2017-01-27 17:41:16,181 INFO  [Log] language: English 
2017-01-27 17:41:30,839 INFO  [Log] No packet tracer found 
2017-01-27 17:57:03,460 INFO  [Log] Number of courses	:     3 
2017-01-27 17:57:26,901 INFO  [Log] language: English 
2017-01-27 17:57:41,757 INFO  [Log] No packet tracer found 
2017-01-27 18:01:41,407 INFO  [Log] Number of courses	:     3 
2017-01-27 18:02:07,573 INFO  [Log] language: English 
2017-01-27 18:02:22,637 INFO  [Log] No packet tracer found 
2017-01-27 18:22:23,941 INFO  [Log] Number of courses	:     3 
2017-01-27 18:22:47,599 INFO  [Log] language: English 
2017-01-27 18:23:02,212 INFO  [Log] No packet tracer found 
2017-01-27 18:38:01,850 INFO  [Log] Number of courses	:     3 
2017-01-27 18:38:27,578 INFO  [Log] language: English 
2017-01-27 18:38:41,970 INFO  [Log] No packet tracer found 
2017-01-27 18:47:05,444 INFO  [Log] Number of courses	:     3 
2017-01-27 18:47:30,650 INFO  [Log] language: English 
2017-01-27 18:47:45,282 INFO  [Log] No packet tracer found 
2017-01-30 15:59:19,223 INFO  [Log] Number of courses	:     3 
2017-01-30 15:59:51,525 INFO  [Log] language: English 
2017-01-30 16:00:05,935 INFO  [Log] No packet tracer found 
2017-01-30 16:07:25,203 INFO  [Log] Number of courses	:     3 
2017-01-30 16:07:47,806 INFO  [Log] language: English 
2017-01-30 16:08:02,617 INFO  [Log] No packet tracer found 
2017-01-30 16:12:59,588 INFO  [Log] Number of courses	:     3 
2017-01-30 16:13:24,482 INFO  [Log] language: English 
2017-01-30 16:13:39,640 INFO  [Log] No packet tracer found 
2017-01-30 16:23:19,507 INFO  [Log] Number of courses	:     3 
2017-01-30 16:23:43,637 INFO  [Log] language: English 
2017-01-30 16:23:58,118 INFO  [Log] No packet tracer found 
2017-01-30 16:26:32,428 INFO  [Log] Number of courses	:     3 
2017-01-30 16:26:57,825 INFO  [Log] language: English 
2017-01-30 16:27:12,295 INFO  [Log] No packet tracer found 
2017-01-30 16:32:59,918 INFO  [Log] Number of courses	:     3 
2017-01-30 16:33:25,338 INFO  [Log] language: English 
2017-01-30 16:33:39,915 INFO  [Log] No packet tracer found 
2017-01-30 16:37:53,020 INFO  [Log] Number of courses	:     3 
2017-01-30 16:38:18,849 INFO  [Log] language: English 
2017-01-30 16:38:37,055 INFO  [Log] No packet tracer found 
2017-01-30 16:45:16,725 INFO  [Log] Number of courses	:     3 
2017-01-30 16:45:42,901 INFO  [Log] language: English 
2017-01-30 16:45:57,411 INFO  [Log] No packet tracer found 
2017-01-30 16:50:02,974 INFO  [Log] Number of courses	:     3 
2017-01-30 16:50:25,773 INFO  [Log] language: English 
2017-01-30 16:50:39,865 INFO  [Log] No packet tracer found 
2017-01-30 16:54:39,499 INFO  [Log] Number of courses	:     3 
2017-01-30 16:56:06,483 INFO  [Log] Number of courses	:     3 
2017-01-30 16:56:31,131 INFO  [Log] language: English 
2017-01-30 16:56:45,709 INFO  [Log] No packet tracer found 
2017-01-30 17:04:38,615 INFO  [Log] Number of courses	:     3 
2017-01-30 17:05:03,543 INFO  [Log] language: English 
2017-01-30 17:05:18,321 INFO  [Log] No packet tracer found 
2017-01-30 17:16:54,021 INFO  [Log] Number of courses	:     3 
2017-01-30 17:17:18,481 INFO  [Log] language: English 
2017-01-30 17:17:32,888 INFO  [Log] No packet tracer found 
2017-01-30 18:06:49,443 INFO  [Log] Number of courses	:     3 
2017-01-30 18:07:15,999 INFO  [Log] language: No data available in table 
2017-01-30 18:12:44,942 INFO  [Log] Number of courses	:     3 
2017-01-30 18:13:09,181 INFO  [Log] language: English 
2017-01-30 18:13:23,654 INFO  [Log] No packet tracer found 
2017-01-30 18:18:28,547 INFO  [Log] Number of courses	:     3 
2017-01-30 18:18:58,129 INFO  [Log] language: English 
2017-01-30 18:19:12,872 INFO  [Log] No packet tracer found 
2017-01-30 18:34:58,776 INFO  [Log] Number of courses	:     3 
2017-01-30 18:35:23,629 INFO  [Log] language: English 
2017-01-30 18:35:38,134 INFO  [Log] No packet tracer found 
2017-01-30 18:57:28,833 INFO  [Log] Number of courses	:     3 
2017-01-30 18:57:51,433 INFO  [Log] language: English 
2017-01-30 18:58:05,814 INFO  [Log] No packet tracer found 
2017-01-31 13:03:06,185 INFO  [Log] Goal Experince is selected: To enter or advance in a career in IT 
2017-01-31 13:03:08,707 INFO  [Log] IT Experince is selected: Three to Five years 
2017-01-31 13:03:11,270 INFO  [Log] Gender is selected: Female 
2017-01-31 13:03:13,820 INFO  [Log] Race is selected: Hispanic or Latino 
2017-01-31 13:03:16,423 INFO  [Log] Military Service is selected: Yes 
2017-01-31 13:03:27,663 INFO  [Log] Number of courses	:     3 
2017-01-31 13:03:52,839 INFO  [Log] language: English 
2017-01-31 13:04:07,292 INFO  [Log] No packet tracer found 
2017-01-31 13:07:31,174 INFO  [Log] Number of courses	:     3 
2017-01-31 13:07:56,502 INFO  [Log] language: English 
2017-01-31 13:08:10,964 INFO  [Log] No packet tracer found 
2017-01-31 14:52:01,143 INFO  [Log] Number of courses	:     3 
2017-01-31 14:52:31,035 INFO  [Log] language: English 
2017-01-31 14:52:45,244 INFO  [Log] No packet tracer found 
2017-01-31 15:06:22,798 INFO  [Log] Number of courses	:     3 
2017-01-31 15:06:48,170 INFO  [Log] language: English 
2017-01-31 15:07:02,982 INFO  [Log] No packet tracer found 
2017-01-31 15:14:54,478 INFO  [Log] Number of courses	:     3 
2017-01-31 15:15:19,609 INFO  [Log] language: English 
2017-01-31 15:15:34,138 INFO  [Log] No packet tracer found 
2017-01-31 15:24:06,841 INFO  [Log] Number of courses	:     3 
2017-01-31 15:24:31,786 INFO  [Log] language: English 
2017-01-31 15:24:46,249 INFO  [Log] No packet tracer found 
2017-01-31 15:30:48,911 INFO  [Log] Number of courses	:     3 
2017-01-31 15:31:12,515 INFO  [Log] language: English 
2017-01-31 15:31:27,048 INFO  [Log] No packet tracer found 
2017-01-31 15:34:33,435 INFO  [Log] Number of courses	:     3 
2017-01-31 15:34:57,879 INFO  [Log] language: English 
2017-01-31 15:35:12,365 INFO  [Log] No packet tracer found 
2017-01-31 15:37:39,590 INFO  [Log] Number of courses	:     3 
2017-01-31 15:38:04,049 INFO  [Log] language: English 
2017-01-31 15:38:19,169 INFO  [Log] No packet tracer found 
2017-01-31 15:45:04,827 INFO  [Log] Number of courses	:     3 
2017-01-31 15:45:30,289 INFO  [Log] language: English 
2017-01-31 15:45:45,005 INFO  [Log] No packet tracer found 
2017-01-31 16:35:36,332 INFO  [Log] Number of courses	:     3 
2017-01-31 16:36:00,954 INFO  [Log] language: English 
2017-01-31 16:36:15,940 INFO  [Log] No packet tracer found 
2017-01-31 18:40:56,288 INFO  [Log] Number of courses	:     3 
2017-01-31 18:41:22,771 INFO  [Log] language: English 
2017-01-31 18:41:37,275 INFO  [Log] No packet tracer found 
2017-01-31 19:02:39,889 INFO  [Log] Number of courses	:     3 
2017-01-31 19:03:02,087 INFO  [Log] language: English 
2017-01-31 19:03:16,526 INFO  [Log] No packet tracer found 
2017-01-31 19:09:36,456 INFO  [Log] Number of courses	:     10 
2017-01-31 19:09:57,923 INFO  [Log] language: English 
2017-01-31 19:10:12,210 INFO  [Log] No packet tracer found 
2017-02-01 15:30:22,730 INFO  [Log] Number of courses	:     10 
2017-02-01 15:31:04,368 INFO  [Log] language: English 
2017-02-01 15:31:19,106 INFO  [Log] No packet tracer found 
2017-02-01 16:09:28,423 INFO  [Log] Number of courses	:     10 
2017-02-01 16:09:49,936 INFO  [Log] language: English 
2017-02-01 16:10:04,360 INFO  [Log] No packet tracer found 
2017-02-01 16:16:15,607 INFO  [Log] Number of courses	:     10 
2017-02-01 16:16:37,429 INFO  [Log] language: English 
2017-02-01 16:16:51,760 INFO  [Log] No packet tracer found 
2017-02-01 17:09:20,660 INFO  [Log] Number of courses	:     10 
2017-02-01 17:09:46,659 INFO  [Log] language: English 
2017-02-01 17:10:01,074 INFO  [Log] No packet tracer found 
2017-02-01 17:11:51,240 INFO  [Log] Number of courses	:     10 
2017-02-01 17:12:22,503 INFO  [Log] language: English 
2017-02-01 17:12:36,939 INFO  [Log] No packet tracer found 
2017-02-01 17:58:06,566 INFO  [Log] Number of courses	:     10 
2017-02-01 17:58:28,478 INFO  [Log] language: English 
2017-02-01 17:58:43,052 INFO  [Log] No packet tracer found 
2017-02-01 18:07:25,916 INFO  [Log] Number of courses	:     10 
2017-02-01 18:07:47,902 INFO  [Log] language: English 
2017-02-01 18:08:01,909 INFO  [Log] No packet tracer found 
2017-02-01 18:11:45,410 INFO  [Log] Number of courses	:     10 
2017-02-01 18:12:07,075 INFO  [Log] language: English 
2017-02-01 18:12:21,371 INFO  [Log] No packet tracer found 
2017-02-01 18:20:34,695 INFO  [Log] Number of courses	:     10 
2017-02-01 18:21:01,590 INFO  [Log] language: English 
2017-02-01 18:21:16,054 INFO  [Log] No packet tracer found 
2017-02-01 18:30:08,695 INFO  [Log] Number of courses	:     10 
2017-02-02 15:37:41,605 INFO  [Log] Number of courses	:     10 
2017-02-02 15:38:11,641 INFO  [Log] language: English 
2017-02-02 15:38:26,030 INFO  [Log] No packet tracer found 
2017-02-02 15:57:22,566 INFO  [Log] Number of courses	:     10 
2017-02-02 15:57:52,231 INFO  [Log] language: English 
2017-02-02 15:58:06,677 INFO  [Log] No packet tracer found 
2017-02-02 16:03:34,961 INFO  [Log] Number of courses	:     10 
2017-02-02 16:03:58,144 INFO  [Log] language: English 
2017-02-02 16:04:12,445 INFO  [Log] No packet tracer found 
2017-02-02 16:06:39,855 INFO  [Log] Number of courses	:     10 
2017-02-02 16:07:01,692 INFO  [Log] language: English 
2017-02-02 16:08:39,641 INFO  [Log] Number of courses	:     10 
2017-02-02 16:09:05,337 INFO  [Log] language: English 
2017-02-02 16:15:00,771 INFO  [Log] Number of courses	:     10 
2017-02-02 16:15:27,413 INFO  [Log] language: English 
2017-02-02 16:15:42,048 INFO  [Log] No packet tracer found 
2017-02-02 16:33:13,558 INFO  [Log] Number of courses	:     10 
2017-02-02 16:33:44,310 INFO  [Log] language: English 
2017-02-02 16:33:58,643 INFO  [Log] No packet tracer found 
2017-02-02 16:39:21,648 INFO  [Log] Number of courses	:     10 
2017-02-02 16:39:44,556 INFO  [Log] language: English 
2017-02-02 16:39:58,850 INFO  [Log] No packet tracer found 
2017-02-02 17:04:52,733 INFO  [Log] Number of courses	:     10 
2017-02-02 17:05:14,392 INFO  [Log] language: English 
2017-02-02 17:05:28,761 INFO  [Log] No packet tracer found 
2017-02-02 17:58:22,558 INFO  [Log] Number of courses	:     10 
2017-02-02 17:58:44,066 INFO  [Log] language: English 
2017-02-02 17:58:58,382 INFO  [Log] No packet tracer found 
2017-02-02 18:05:44,345 INFO  [Log] Number of courses	:     10 
2017-02-02 18:06:06,016 INFO  [Log] language: English 
2017-02-02 18:06:20,407 INFO  [Log] No packet tracer found 
2017-02-02 18:18:40,679 INFO  [Log] Number of courses	:     10 
2017-02-02 18:19:01,956 INFO  [Log] language: English 
2017-02-02 18:19:16,264 INFO  [Log] No packet tracer found 
2017-02-02 18:34:53,118 INFO  [Log] Number of courses	:     10 
2017-02-02 18:35:18,504 INFO  [Log] language: English 
2017-02-02 18:35:32,938 INFO  [Log] No packet tracer found 
2017-02-02 18:37:56,196 INFO  [Log] Number of courses	:     10 
2017-02-02 18:39:41,842 INFO  [Log] Number of courses	:     10 
2017-02-02 18:40:14,270 INFO  [Log] language: English 
2017-02-02 18:40:32,492 INFO  [Log] No packet tracer found 
2017-02-02 18:53:26,047 INFO  [Log] Number of courses	:     10 
2017-02-02 18:54:45,642 INFO  [Log] Number of courses	:     10 
2017-02-02 18:55:07,129 INFO  [Log] language: English 
2017-02-02 18:55:21,723 INFO  [Log] No packet tracer found 
2017-02-02 18:57:42,739 INFO  [Log] Number of courses	:     10 
2017-02-02 18:58:04,242 INFO  [Log] language: English 
2017-02-02 18:58:18,376 INFO  [Log] No packet tracer found 
2017-02-09 15:08:04,570 INFO  [Log] Number of courses	:     10 
2017-02-09 15:08:39,519 INFO  [Log] language: English 
2017-02-09 15:08:54,113 INFO  [Log] No packet tracer found 
2017-02-09 15:22:24,562 INFO  [Log] Number of courses	:     10 
2017-02-09 15:23:00,788 INFO  [Log] language: No data available in table 
2017-02-09 15:24:23,987 INFO  [Log] Number of courses	:     10 
2017-02-09 15:24:58,687 INFO  [Log] language: English 
2017-02-09 15:25:13,809 INFO  [Log] No packet tracer found 
2017-02-09 15:41:24,843 INFO  [Log] Number of courses	:     10 
2017-02-09 15:43:08,217 INFO  [Log] Number of courses	:     10 
2017-02-09 15:43:42,907 INFO  [Log] language: English 
2017-02-09 15:43:57,692 INFO  [Log] No packet tracer found 
2017-02-09 15:56:16,558 INFO  [Log] Number of courses	:     10 
2017-02-09 15:56:41,097 INFO  [Log] language: English 
2017-02-09 15:56:55,541 INFO  [Log] No packet tracer found 
2017-02-09 16:06:20,563 INFO  [Log] Number of courses	:     10 
2017-02-09 16:06:54,440 INFO  [Log] language: English 
2017-02-09 16:07:14,424 INFO  [Log] No packet tracer found 
2017-02-09 16:09:22,080 INFO  [Log] Number of courses	:     10 
2017-02-09 16:09:48,635 INFO  [Log] language: English 
2017-02-09 16:10:03,119 INFO  [Log] No packet tracer found 
2017-02-09 16:12:57,038 INFO  [Log] Number of courses	:     10 
2017-02-09 16:14:45,868 INFO  [Log] Number of courses	:     10 
2017-02-09 16:15:15,536 INFO  [Log] language: English 
2017-02-09 16:15:29,827 INFO  [Log] No packet tracer found 
2017-02-09 16:46:39,582 INFO  [Log] Number of courses	:     10 
2017-02-09 16:47:06,272 INFO  [Log] language: English 
2017-02-09 16:47:21,038 INFO  [Log] No packet tracer found 
2017-02-09 16:51:12,703 INFO  [Log] Number of courses	:     10 
2017-02-09 16:51:37,977 INFO  [Log] language: English 
2017-02-09 16:51:52,543 INFO  [Log] No packet tracer found 
2017-02-09 18:21:52,584 INFO  [Log] Number of courses	:     10 
2017-02-09 18:22:15,058 INFO  [Log] language: English 
2017-02-09 18:22:29,680 INFO  [Log] No packet tracer found 
2017-02-09 18:28:35,341 INFO  [Log] Number of courses	:     10 
2017-02-09 18:28:58,018 INFO  [Log] language: English 
2017-02-09 18:29:14,688 INFO  [Log] No packet tracer found 
2017-02-10 12:08:46,731 INFO  [Log] Number of courses	:     10 
2017-02-10 12:09:19,991 INFO  [Log] language: English 
2017-02-10 12:09:35,274 INFO  [Log] No packet tracer found 
2017-02-10 12:12:29,631 INFO  [Log] Number of courses	:     10 
2017-02-10 12:12:52,776 INFO  [Log] language: English 
2017-02-10 12:13:07,606 INFO  [Log] No packet tracer found 
2017-02-15 12:48:23,541 INFO  [Log] Number of courses	:     10 
2017-02-15 12:48:58,341 INFO  [Log] language: English 
2017-02-15 12:49:14,012 INFO  [Log] No packet tracer found 
2017-02-15 12:54:32,766 INFO  [Log] Number of courses	:     10 
2017-02-15 12:54:56,303 INFO  [Log] language: English 
2017-02-15 12:55:10,719 INFO  [Log] No packet tracer found 
2017-02-15 14:46:10,944 INFO  [Log] Number of courses	:     10 
2017-02-15 14:46:50,350 INFO  [Log] language: English 
2017-02-15 14:47:04,757 INFO  [Log] No packet tracer found 
2017-02-15 14:49:14,097 INFO  [Log] Number of courses	:     10 
2017-02-15 14:49:41,245 INFO  [Log] language: English 
2017-02-15 14:49:55,788 INFO  [Log] No packet tracer found 
2017-02-15 14:57:16,255 INFO  [Log] Number of courses	:     10 
2017-02-15 14:57:41,083 INFO  [Log] language: English 
2017-02-15 14:57:56,336 INFO  [Log] No packet tracer found 
2017-02-15 15:00:42,258 INFO  [Log] Number of courses	:     10 
2017-02-15 15:01:08,648 INFO  [Log] language: English 
2017-02-15 15:01:23,115 INFO  [Log] No packet tracer found 
2017-02-15 15:06:21,061 INFO  [Log] Number of courses	:     10 
2017-02-15 15:06:47,057 INFO  [Log] language: English 
2017-02-15 15:07:01,589 INFO  [Log] No packet tracer found 
2017-02-15 17:08:07,774 INFO  [Log] Goal Experince is selected: To enter or advance in a career in IT 
2017-02-15 17:08:10,394 INFO  [Log] IT Experince is selected: Three to Five years 
2017-02-15 17:08:12,958 INFO  [Log] Gender is selected: Female 
2017-02-15 17:08:15,443 INFO  [Log] Race is selected: Hispanic or Latino 
2017-02-15 17:08:18,028 INFO  [Log] Military Service is selected: Yes 
2017-02-15 17:08:52,723 INFO  [Log] language: English 
2017-02-15 17:09:08,098 INFO  [Log] No packet tracer found 
2017-02-15 17:14:56,785 INFO  [Log] language: English 
2017-02-15 17:15:12,495 INFO  [Log] No packet tracer found 
2017-02-15 17:26:00,353 INFO  [Log] language: English 
2017-02-15 17:26:15,103 INFO  [Log] No packet tracer found 
2017-02-15 17:38:56,384 INFO  [Log] language: English 
2017-02-15 17:39:11,032 INFO  [Log] No packet tracer found 
2017-02-15 17:45:24,827 INFO  [Log] language: English 
2017-02-15 17:45:39,612 INFO  [Log] No packet tracer found 
2017-02-15 17:52:21,386 INFO  [Log] language: English 
2017-02-15 17:52:36,071 INFO  [Log] No packet tracer found 
2017-02-15 18:05:24,095 INFO  [Log] language: English 
2017-02-15 18:05:44,377 INFO  [Log] No packet tracer found 
2017-02-15 18:13:02,472 INFO  [Log] language: English 
2017-02-15 18:13:17,219 INFO  [Log] No packet tracer found 
2017-02-15 18:17:13,473 INFO  [Log] language: English 
2017-02-15 18:17:27,961 INFO  [Log] No packet tracer found 
2017-02-15 18:29:45,451 INFO  [Log] language: English 
2017-02-15 18:30:01,529 INFO  [Log] No packet tracer found 
2017-02-15 18:35:53,202 INFO  [Log] language: English 
2017-02-15 18:36:07,623 INFO  [Log] No packet tracer found 
2017-02-15 18:40:40,769 INFO  [Log] language: English 
2017-02-15 18:40:55,393 INFO  [Log] No packet tracer found 
2017-02-16 12:27:01,305 INFO  [Log] language: English 
2017-02-16 12:27:16,008 INFO  [Log] No packet tracer found 
2017-02-16 12:33:53,080 INFO  [Log] language: English 
2017-02-16 12:34:07,660 INFO  [Log] No packet tracer found 
2017-02-16 14:41:21,187 INFO  [Log] language: English 
2017-02-16 14:41:37,245 INFO  [Log] No packet tracer found 
2017-02-16 15:22:25,847 INFO  [Log] language: English 
2017-02-16 15:22:40,278 INFO  [Log] No packet tracer found 
2017-02-16 15:28:30,823 INFO  [Log] language: English 
2017-02-16 15:28:54,714 INFO  [Log] No packet tracer found 
2017-02-16 15:42:18,827 INFO  [Log] language: English 
2017-02-16 15:42:33,069 INFO  [Log] No packet tracer found 
2017-02-16 15:46:10,716 INFO  [Log] language: English 
2017-02-16 15:46:25,060 INFO  [Log] No packet tracer found 
2017-02-16 15:50:44,516 INFO  [Log] language: English 
2017-02-16 15:50:58,928 INFO  [Log] No packet tracer found 
2017-02-16 15:55:07,167 INFO  [Log] language: English 
2017-02-16 15:55:21,288 INFO  [Log] No packet tracer found 
2017-02-16 16:02:17,052 INFO  [Log] language: English 
2017-02-16 16:02:31,471 INFO  [Log] No packet tracer found 
2017-02-16 16:41:36,787 INFO  [Log] language: No data available in table 
2017-02-16 16:51:47,801 INFO  [Log] language: No data available in table 
2017-02-16 16:54:51,654 INFO  [Log] language: English 
2017-02-16 16:55:06,752 INFO  [Log] No packet tracer found 
2017-02-16 16:59:53,850 INFO  [Log] language: English 
2017-02-16 17:00:10,222 INFO  [Log] No packet tracer found 
2017-02-16 17:07:19,636 INFO  [Log] language: English 
2017-02-16 17:07:38,332 INFO  [Log] No packet tracer found 
2017-02-16 17:25:12,250 INFO  [Log] language: English 
2017-02-16 17:25:30,652 INFO  [Log] No packet tracer found 
2017-02-16 17:28:07,800 INFO  [Log] language: English 
2017-02-16 17:28:23,270 INFO  [Log] No packet tracer found 
2017-02-16 17:32:30,303 INFO  [Log] language: English 
2017-02-16 17:32:46,684 INFO  [Log] No packet tracer found 
2017-02-16 19:15:40,566 INFO  [Log] language: No data available in table 
2017-02-17 15:46:15,538 INFO  [Log] Goal Experince is selected: To enter or advance in a career in IT 
2017-02-17 15:46:18,076 INFO  [Log] IT Experince is selected: Three to Five years 
2017-02-17 15:46:20,595 INFO  [Log] Gender is selected: Female 
2017-02-17 15:46:23,026 INFO  [Log] Race is selected: Hispanic or Latino 
2017-02-17 15:46:25,513 INFO  [Log] Military Service is selected: Yes 
2017-02-17 15:47:03,575 INFO  [Log] language: Croatian 
2017-02-17 15:47:18,515 INFO  [Log] No packet tracer found 
2017-02-24 13:10:19,599 INFO  [Log] Goal Experince is selected: To enter or advance in a career in IT 
2017-02-24 13:10:22,255 INFO  [Log] IT Experince is selected: Three to Five years 
2017-02-24 13:10:24,903 INFO  [Log] Gender is selected: Female 
2017-02-24 13:10:27,465 INFO  [Log] Race is selected: Hispanic or Latino 
2017-02-24 13:10:29,990 INFO  [Log] Military Service is selected: Yes 
2017-02-24 13:11:08,890 INFO  [Log] language: English 
2017-02-24 13:11:23,698 INFO  [Log] No packet tracer found 
2017-02-24 13:14:28,085 INFO  [Log] language: English 
2017-02-24 13:14:42,532 INFO  [Log] No packet tracer found 
2017-02-24 13:19:25,228 INFO  [Log] language: English 
2017-02-24 13:19:39,622 INFO  [Log] No packet tracer found 
2017-02-27 12:46:02,458 INFO  [Log] language: English 
2017-02-27 12:46:16,844 INFO  [Log] No packet tracer found 
2017-02-27 12:58:46,278 INFO  [Log] language: English 
2017-02-27 12:59:00,552 INFO  [Log] No packet tracer found 
2017-02-27 13:03:52,652 INFO  [Log] language: English 
2017-02-27 13:04:06,818 INFO  [Log] No packet tracer found 
2017-02-27 14:40:46,985 INFO  [Log] language: English 
2017-02-27 14:41:01,693 INFO  [Log] No packet tracer found 
2017-02-27 14:44:18,864 INFO  [Log] language: English 
2017-02-27 14:44:36,080 INFO  [Log] No packet tracer found 
2017-02-28 11:32:46,401 INFO  [Log] language: English 
2017-02-28 11:33:01,062 INFO  [Log] No packet tracer found 
2017-02-28 12:03:30,343 INFO  [Log] language: English 
2017-02-28 12:03:44,880 INFO  [Log] No packet tracer found 
2017-02-28 12:22:33,752 INFO  [Log] language: English 
2017-02-28 12:22:49,362 INFO  [Log] No packet tracer found 
2017-02-28 12:55:33,148 INFO  [Log] language: No data available in table 
2017-02-28 12:57:04,485 INFO  [Log] language: English 
2017-02-28 12:57:18,992 INFO  [Log] No packet tracer found 
2017-02-28 13:01:18,848 INFO  [Log] language: English 
2017-02-28 13:01:33,249 INFO  [Log] No packet tracer found 
2017-02-28 13:10:22,618 INFO  [Log] language: English 
2017-02-28 13:10:37,060 INFO  [Log] No packet tracer found 
2017-02-28 13:15:00,195 INFO  [Log] language: English 
2017-02-28 13:15:14,947 INFO  [Log] No packet tracer found 
2017-02-28 13:17:55,617 INFO  [Log] language: English 
2017-02-28 13:18:10,151 INFO  [Log] No packet tracer found 
2017-03-01 12:12:22,135 INFO  [Log] language: English 
2017-03-01 12:12:39,157 INFO  [Log] No packet tracer found 
2017-03-01 12:23:28,045 INFO  [Log] language: English 
2017-03-01 12:23:43,434 INFO  [Log] No packet tracer found 
2017-03-01 12:34:17,418 INFO  [Log] language: English 
2017-03-01 12:34:32,155 INFO  [Log] No packet tracer found 
2017-03-01 12:41:10,245 INFO  [Log] language: English 
2017-03-01 12:41:24,566 INFO  [Log] No packet tracer found 
2017-03-01 12:47:01,414 INFO  [Log] language: English 
2017-03-01 12:47:16,212 INFO  [Log] No packet tracer found 
2017-03-01 12:53:59,238 INFO  [Log] language: English 
2017-03-01 12:54:18,437 INFO  [Log] No packet tracer found 
2017-03-01 12:58:37,467 INFO  [Log] language: English 
2017-03-01 12:58:52,282 INFO  [Log] No packet tracer found 
2017-03-01 13:02:54,848 INFO  [Log] language: English 
2017-03-01 13:03:02,913 INFO  [Log] Select Save File: 
2017-03-01 13:06:29,571 INFO  [Log] language: English 
2017-03-01 13:06:37,492 INFO  [Log] Select Save File: 
2017-03-01 17:23:02,229 INFO  [Log] language: English 
2017-03-01 17:23:16,936 INFO  [Log] No packet tracer found 
2017-03-03 17:22:26,396 INFO  [Log] Number of courses	:     10 
2017-03-03 17:22:51,102 INFO  [Log] language: English 
2017-03-03 17:24:16,780 INFO  [Log] Number of courses	:     10 
2017-03-03 17:24:38,427 INFO  [Log] language: English 
2017-03-03 17:26:07,995 INFO  [Log] Number of courses	:     10 
2017-03-03 17:26:31,227 INFO  [Log] language: English 
2017-03-03 17:26:40,980 INFO  [Log] Select Save File: 
2017-03-07 17:35:41,805 INFO  [Log] Number of courses	:     17 
2017-03-07 17:36:13,530 INFO  [Log] language: English 
2017-03-07 17:36:28,255 INFO  [Log] No packet tracer found 
2017-03-07 17:45:38,167 INFO  [Log] Number of courses	:     17 
2017-03-07 17:46:01,273 INFO  [Log] language: English 
2017-03-07 17:46:16,165 INFO  [Log] No packet tracer found 
2017-03-09 14:34:19,744 INFO  [Log] Number of courses	:     17 
2017-03-09 14:34:51,362 INFO  [Log] language: English 
2017-03-09 14:35:05,687 INFO  [Log] No packet tracer found 
2017-03-09 15:28:13,516 INFO  [Log] Number of courses	:     17 
2017-03-09 15:28:37,446 INFO  [Log] language: English 
2017-03-09 15:28:45,590 INFO  [Log] Select Save File: 
2017-03-10 12:31:43,671 INFO  [Log] Number of courses	:     17 
2017-03-10 12:32:12,182 INFO  [Log] language: English 
2017-03-10 12:32:26,851 INFO  [Log] No packet tracer found 
2017-03-10 12:42:26,536 INFO  [Log] Number of courses	:     17 
2017-03-10 12:42:50,228 INFO  [Log] language: English 
2017-03-10 12:43:04,643 INFO  [Log] No packet tracer found 
2017-03-10 12:56:06,802 INFO  [Log] Number of courses	:     17 
2017-03-10 12:56:31,591 INFO  [Log] language: English 
2017-03-10 12:56:45,997 INFO  [Log] No packet tracer found 
2017-03-10 12:59:02,873 INFO  [Log] Number of courses	:     17 
2017-03-10 12:59:29,053 INFO  [Log] language: English 
2017-03-10 12:59:43,428 INFO  [Log] No packet tracer found 
2017-03-10 13:07:47,573 INFO  [Log] Number of courses	:     17 
2017-03-10 13:08:11,845 INFO  [Log] language: English 
2017-03-10 13:08:26,475 INFO  [Log] No packet tracer found 
2017-03-10 13:11:22,686 INFO  [Log] Number of courses	:     17 
2017-03-10 13:11:47,631 INFO  [Log] language: English 
2017-03-10 13:12:02,519 INFO  [Log] No packet tracer found 
2017-03-13 12:08:38,018 INFO  [Log] Number of courses	:     17 
2017-03-13 12:09:00,544 INFO  [Log] language: English 
2017-03-13 12:09:15,030 INFO  [Log] No packet tracer found 
2017-03-13 15:04:20,586 INFO  [Log] Number of courses	:     17 
2017-03-13 15:04:43,956 INFO  [Log] language: English 
2017-03-13 15:04:58,632 INFO  [Log] No packet tracer found 
2017-03-13 15:10:32,289 INFO  [Log] Number of courses	:     17 
2017-03-13 15:10:54,569 INFO  [Log] language: English 
2017-03-13 15:11:08,995 INFO  [Log] No packet tracer found 
2017-03-13 15:15:22,973 INFO  [Log] Number of courses	:     17 
2017-03-13 15:15:46,276 INFO  [Log] language: English 
2017-03-13 15:16:00,626 INFO  [Log] No packet tracer found 
2017-03-13 15:22:53,125 INFO  [Log] Number of courses	:     17 
2017-03-13 15:23:30,284 INFO  [Log] No packet tracer found 
2017-03-13 15:26:18,885 INFO  [Log] Number of courses	:     17 
2017-03-13 15:26:56,083 INFO  [Log] No packet tracer found 
2017-03-13 15:31:18,429 INFO  [Log] Number of courses	:     17 
2017-03-13 16:03:29,542 INFO  [Log] Number of courses	:     17 
2017-03-13 16:04:07,470 INFO  [Log] No packet tracer found 
2017-03-13 16:16:19,230 INFO  [Log] Number of courses	:     17 
2017-03-13 16:16:59,258 INFO  [Log] No packet tracer found 
2017-03-13 16:35:29,301 INFO  [Log] Goal Experince is selected: To enter or advance in a career in IT 
2017-03-13 16:35:31,942 INFO  [Log] IT Experince is selected: Three to Five years 
2017-03-13 16:35:34,461 INFO  [Log] Gender is selected: Female 
2017-03-13 16:35:36,992 INFO  [Log] Race is selected: Hispanic or Latino 
2017-03-13 16:35:39,460 INFO  [Log] Military Service is selected: Yes 
2017-03-13 16:35:51,635 INFO  [Log] Number of courses	:     17 
2017-03-13 16:36:30,969 INFO  [Log] No packet tracer found 
2017-03-14 13:03:34,193 INFO  [Log] Number of courses	:     17 
2017-03-14 13:04:22,481 INFO  [Log] No packet tracer found 
2017-03-14 13:11:32,305 INFO  [Log] Number of courses	:     17 
2017-03-14 13:12:11,668 INFO  [Log] No packet tracer found 
2017-03-14 13:32:28,610 INFO  [Log] Number of courses	:     17 
2017-03-14 13:33:07,667 INFO  [Log] No packet tracer found 
2017-03-14 13:44:50,577 INFO  [Log] Number of courses	:     17 
2017-03-14 13:45:29,243 INFO  [Log] No packet tracer found 
2017-03-14 14:56:06,771 INFO  [Log] Number of courses	:     17 
2017-03-14 14:56:44,329 INFO  [Log] No packet tracer found 
2017-03-14 15:16:05,102 INFO  [Log] Number of courses	:     17 
2017-03-14 15:16:41,335 INFO  [Log] No packet tracer found 
2017-03-14 15:25:20,832 INFO  [Log] Number of courses	:     17 
2017-03-14 15:26:01,273 INFO  [Log] No packet tracer found 
2017-03-14 15:29:47,546 INFO  [Log] Number of courses	:     17 
2017-03-14 15:30:26,348 INFO  [Log] No packet tracer found 
2017-03-14 15:38:22,089 INFO  [Log] Number of courses	:     17 
2017-03-14 15:38:58,890 INFO  [Log] No packet tracer found 
2017-03-14 15:56:46,173 INFO  [Log] Number of courses	:     17 
2017-03-14 15:57:22,199 INFO  [Log] No packet tracer found 
2017-03-14 16:22:57,266 INFO  [Log] Number of courses	:     17 
2017-03-14 16:23:36,772 INFO  [Log] No packet tracer found 
2017-03-14 16:29:48,773 INFO  [Log] Number of courses	:     17 
2017-03-14 16:30:27,962 INFO  [Log] No packet tracer found 
2017-03-14 16:33:07,614 INFO  [Log] Number of courses	:     17 
2017-03-14 16:33:47,499 INFO  [Log] No packet tracer found 
2017-03-14 17:07:22,506 INFO  [Log] Number of courses	:     17 
2017-03-14 17:08:00,784 INFO  [Log] No packet tracer found 
2017-03-14 17:27:33,238 INFO  [Log] Number of courses	:     17 
2017-03-14 17:28:09,930 INFO  [Log] No packet tracer found 
2017-03-14 17:33:34,300 INFO  [Log] Number of courses	:     17 
2017-03-14 17:34:14,481 INFO  [Log] No packet tracer found 
2017-03-14 17:41:53,470 INFO  [Log] Number of courses	:     17 
2017-03-14 17:42:31,082 INFO  [Log] No packet tracer found 
2017-03-14 17:47:05,748 INFO  [Log] Number of courses	:     17 
2017-03-14 17:47:42,141 INFO  [Log] No packet tracer found 
2017-03-14 18:05:42,355 INFO  [Log] Number of courses	:     17 
2017-03-14 18:06:20,237 INFO  [Log] No packet tracer found 
2017-03-14 18:33:13,952 INFO  [Log] Number of courses	:     17 
2017-03-14 18:33:56,345 INFO  [Log] No packet tracer found 
2017-03-14 18:39:35,072 INFO  [Log] Number of courses	:     17 
2017-03-14 18:40:12,297 INFO  [Log] No packet tracer found 
2017-03-14 18:46:38,512 INFO  [Log] Number of courses	:     17 
2017-03-14 18:47:18,954 INFO  [Log] No packet tracer found 
2017-03-14 18:58:03,382 INFO  [Log] Number of courses	:     17 
2017-03-14 19:01:45,558 INFO  [Log] Number of courses	:     17 
2017-03-14 19:02:32,177 INFO  [Log] No packet tracer found 
2017-03-14 19:03:52,215 INFO  [Log] Number of courses	:     17 
2017-03-14 19:04:33,472 INFO  [Log] No packet tracer found 
2017-03-15 11:59:00,354 INFO  [Log] Number of courses	:     17 
2017-03-15 11:59:53,602 INFO  [Log] No packet tracer found 
2017-03-15 12:05:06,284 INFO  [Log] Number of courses	:     17 
2017-03-15 12:05:50,633 INFO  [Log] No packet tracer found 
2017-03-15 12:10:47,753 INFO  [Log] Number of courses	:     17 
2017-03-15 12:11:32,825 INFO  [Log] No packet tracer found 
2017-03-15 12:13:36,225 INFO  [Log] Number of courses	:     17 
2017-03-15 12:26:41,493 INFO  [Log] Number of courses	:     17 
2017-03-15 12:27:22,113 INFO  [Log] No packet tracer found 
2017-03-15 12:29:12,873 INFO  [Log] Number of courses	:     17 
2017-03-15 12:29:51,719 INFO  [Log] No packet tracer found 
2017-03-15 12:31:24,544 INFO  [Log] Number of courses	:     17 
2017-03-15 12:31:55,820 INFO  [Log] Select Save File: 
2017-03-15 12:33:26,746 INFO  [Log] Number of courses	:     17 
2017-03-15 12:34:14,918 INFO  [Log] No packet tracer found 
2017-03-15 12:49:58,171 INFO  [Log] Number of courses	:     17 
2017-03-15 12:50:31,293 INFO  [Log] Select Save File: 
2017-03-15 12:53:25,176 INFO  [Log] Number of courses	:     17 
2017-03-15 12:55:11,556 INFO  [Log] Number of courses	:     17 
2017-03-15 12:55:54,118 INFO  [Log] No packet tracer found 
2017-03-15 12:58:23,587 INFO  [Log] Number of courses	:     17 
2017-03-15 12:59:04,453 INFO  [Log] No packet tracer found 
2017-03-15 13:02:49,315 INFO  [Log] Number of courses	:     17 
2017-03-15 13:03:29,247 INFO  [Log] No packet tracer found 
2017-03-15 13:10:22,626 INFO  [Log] Number of courses	:     17 
2017-03-15 13:11:02,360 INFO  [Log] No packet tracer found 
2017-03-15 14:49:10,352 INFO  [Log] Number of courses	:     17 
2017-03-15 14:50:47,498 INFO  [Log] Number of courses	:     17 
2017-03-15 14:51:28,585 INFO  [Log] No packet tracer found 
2017-03-15 14:59:47,041 INFO  [Log] Number of courses	:     17 
2017-03-15 15:00:30,605 INFO  [Log] No packet tracer found 
2017-03-15 15:06:10,945 INFO  [Log] Number of courses	:     17 
2017-03-15 15:06:49,554 INFO  [Log] No packet tracer found 
2017-03-15 15:12:13,934 INFO  [Log] Number of courses	:     17 
2017-03-15 15:12:53,540 INFO  [Log] No packet tracer found 
2017-03-15 15:17:27,020 INFO  [Log] Number of courses	:     17 
2017-03-15 15:18:14,444 INFO  [Log] No packet tracer found 
2017-03-15 15:21:44,199 INFO  [Log] Number of courses	:     17 
2017-03-15 15:22:21,036 INFO  [Log] No packet tracer found 
2017-03-15 15:32:22,070 INFO  [Log] Number of courses	:     17 
2017-03-15 15:33:14,075 INFO  [Log] No packet tracer found 
2017-03-15 16:03:32,743 INFO  [Log] Number of courses	:     17 
2017-03-15 16:04:09,932 INFO  [Log] No packet tracer found 
2017-03-15 16:06:09,697 INFO  [Log] Number of courses	:     17 
2017-03-15 16:06:52,150 INFO  [Log] No packet tracer found 
2017-03-15 16:25:41,870 INFO  [Log] Number of courses	:     17 
2017-03-15 16:26:21,099 INFO  [Log] No packet tracer found 
2017-03-15 16:37:33,716 INFO  [Log] Number of courses	:     17 
2017-03-15 16:38:11,246 INFO  [Log] No packet tracer found 
2017-03-15 16:45:07,458 INFO  [Log] Number of courses	:     17 
2017-03-15 16:45:46,952 INFO  [Log] No packet tracer found 
2017-03-15 16:52:11,281 INFO  [Log] Number of courses	:     17 
2017-03-15 16:52:51,079 INFO  [Log] No packet tracer found 
2017-03-15 17:44:29,646 INFO  [Log] Number of courses	:     17 
2017-03-15 17:45:38,087 INFO  [Log] No packet tracer found 
2017-03-15 17:47:23,456 INFO  [Log] Number of courses	:     17 
2017-03-15 17:48:02,996 INFO  [Log] No packet tracer found 
2017-03-15 17:55:57,645 INFO  [Log] Number of courses	:     17 
2017-03-15 17:56:39,641 INFO  [Log] No packet tracer found 
2017-03-15 18:05:13,033 INFO  [Log] Number of courses	:     17 
2017-03-15 18:05:49,234 INFO  [Log] No packet tracer found 
2017-03-15 18:10:14,682 INFO  [Log] Number of courses	:     17 
2017-03-15 18:10:54,316 INFO  [Log] No packet tracer found 
2017-03-15 18:24:09,278 INFO  [Log] Number of courses	:     17 
2017-03-15 18:24:46,570 INFO  [Log] No packet tracer found 
2017-03-15 18:34:23,282 INFO  [Log] Number of courses	:     17 
2017-03-15 18:34:59,794 INFO  [Log] No packet tracer found 
2017-03-15 18:44:47,842 INFO  [Log] Number of courses	:     17 
2017-03-15 18:45:24,482 INFO  [Log] No packet tracer found 
2017-03-16 12:42:27,623 INFO  [Log] Number of courses	:     17 
2017-03-16 12:43:18,270 INFO  [Log] No packet tracer found 
2017-03-16 13:03:20,079 INFO  [Log] Number of courses	:     17 
2017-03-16 13:03:59,063 INFO  [Log] No packet tracer found 
2017-03-16 14:18:05,191 INFO  [Log] Number of courses	:     17 
2017-03-16 14:18:56,025 INFO  [Log] No packet tracer found 
2017-03-16 14:24:09,969 INFO  [Log] Number of courses	:     17 
2017-03-16 14:24:53,809 INFO  [Log] No packet tracer found 
2017-03-16 14:29:06,146 INFO  [Log] Number of courses	:     17 
2017-03-16 14:29:45,824 INFO  [Log] No packet tracer found 
2017-03-16 14:33:24,428 INFO  [Log] Number of courses	:     17 
2017-03-16 14:34:03,215 INFO  [Log] No packet tracer found 
2017-03-16 15:01:45,042 INFO  [Log] Number of courses	:     17 
2017-03-16 15:02:27,693 INFO  [Log] No packet tracer found 
2017-03-16 15:13:20,941 INFO  [Log] Number of courses	:     17 
2017-03-16 15:14:02,789 INFO  [Log] No packet tracer found 
2017-03-16 15:30:13,842 INFO  [Log] Number of courses	:     17 
2017-03-16 15:30:53,594 INFO  [Log] No packet tracer found 
2017-03-16 15:43:27,057 INFO  [Log] Number of courses	:     17 
2017-03-16 15:44:08,491 INFO  [Log] No packet tracer found 
2017-03-16 15:49:45,655 INFO  [Log] Number of courses	:     17 
2017-03-16 15:50:26,618 INFO  [Log] No packet tracer found 
2017-03-16 16:04:56,114 INFO  [Log] Number of courses	:     17 
2017-03-16 16:05:42,047 INFO  [Log] No packet tracer found 
2017-03-16 16:09:20,599 INFO  [Log] Number of courses	:     17 
2017-03-16 16:10:04,499 INFO  [Log] No packet tracer found 
2017-03-16 16:13:43,395 INFO  [Log] Number of courses	:     17 
2017-03-16 16:14:38,206 INFO  [Log] No packet tracer found 
2017-03-16 16:21:53,777 INFO  [Log] Number of courses	:     17 
2017-03-16 16:22:33,910 INFO  [Log] No packet tracer found 
2017-03-16 16:30:14,215 INFO  [Log] Number of courses	:     17 
2017-03-16 16:30:53,127 INFO  [Log] No packet tracer found 
2017-03-17 12:06:53,020 INFO  [Log] Number of courses	:     17 
2017-03-17 12:07:25,659 INFO  [Log] Select Save File: 
2017-03-17 12:45:37,466 INFO  [Log] Number of courses	:     17 
2017-03-17 12:46:07,919 INFO  [Log] Select Save File: 
2017-03-17 12:54:12,740 INFO  [Log] Number of courses	:     17 
2017-03-17 12:54:42,578 INFO  [Log] Select Save File: 
2017-03-17 13:00:30,108 INFO  [Log] Number of courses	:     17 
2017-03-17 13:01:05,290 INFO  [Log] Select Save File: 
2017-03-17 13:06:31,232 INFO  [Log] Number of courses	:     17 
2017-03-17 13:07:02,947 INFO  [Log] Select Save File: 
2017-03-17 13:09:23,518 INFO  [Log] Number of courses	:     17 
2017-03-17 13:09:56,116 INFO  [Log] Select Save File: 
2017-03-17 13:17:20,277 INFO  [Log] Number of courses	:     17 
2017-03-17 13:17:53,147 INFO  [Log] Select Save File: 
2017-03-17 14:29:15,677 INFO  [Log] Number of courses	:     17 
2017-03-17 14:29:55,309 INFO  [Log] Select Save File: 
2017-03-17 14:42:48,942 INFO  [Log] Number of courses	:     17 
2017-03-17 14:43:23,685 INFO  [Log] Select Save File: 
2017-03-17 14:46:08,348 INFO  [Log] Number of courses	:     17 
2017-03-17 14:46:39,730 INFO  [Log] Select Save File: 
2017-03-17 14:54:51,147 INFO  [Log] Number of courses	:     17 
2017-03-17 14:55:22,691 INFO  [Log] Select Save File: 
2017-03-17 14:57:30,287 INFO  [Log] Number of courses	:     17 
2017-03-17 14:58:02,827 INFO  [Log] Select Save File: 
2017-03-17 15:03:20,664 INFO  [Log] Number of courses	:     17 
2017-03-17 15:03:50,569 INFO  [Log] Select Save File: 
2017-03-17 15:11:26,638 INFO  [Log] Number of courses	:     17 
2017-03-17 15:11:56,418 INFO  [Log] Select Save File: 
2017-03-17 15:16:56,577 INFO  [Log] Number of courses	:     17 
2017-03-17 15:17:32,183 INFO  [Log] Select Save File: 
2017-03-17 15:19:07,768 INFO  [Log] Number of courses	:     17 
2017-03-17 15:19:39,899 INFO  [Log] Select Save File: 
2017-03-17 15:23:01,283 INFO  [Log] Number of courses	:     17 
2017-03-17 15:23:36,436 INFO  [Log] Select Save File: 
2017-03-17 15:26:49,442 INFO  [Log] Number of courses	:     17 
2017-03-17 15:27:22,841 INFO  [Log] Select Save File: 
2017-03-17 15:34:40,268 INFO  [Log] Number of courses	:     17 
2017-03-17 15:41:26,037 INFO  [Log] Number of courses	:     17 
2017-03-17 15:42:02,669 INFO  [Log] Select Save File: 
2017-03-17 15:44:23,984 INFO  [Log] Number of courses	:     17 
2017-03-17 15:44:56,862 INFO  [Log] Select Save File: 
2017-03-17 16:04:10,607 INFO  [Log] Number of courses	:     17 
2017-03-17 16:04:49,444 INFO  [Log] Select Save File: 
2017-03-17 16:10:10,855 INFO  [Log] Number of courses	:     17 
2017-03-17 16:10:50,176 INFO  [Log] Select Save File: 
2017-03-17 16:12:16,790 INFO  [Log] Number of courses	:     17 
2017-03-17 16:12:49,578 INFO  [Log] Select Save File: 
2017-03-17 16:18:49,052 INFO  [Log] Number of courses	:     17 
2017-03-17 16:19:25,295 INFO  [Log] Select Save File: 
2017-03-17 16:22:56,216 INFO  [Log] Number of courses	:     17 
2017-03-17 16:23:27,072 INFO  [Log] Select Save File: 
2017-03-17 16:32:56,129 INFO  [Log] Number of courses	:     17 
2017-03-17 16:33:35,419 INFO  [Log] Select Save File: 
2017-03-17 16:42:13,383 INFO  [Log] Number of courses	:     17 
2017-03-17 16:42:48,549 INFO  [Log] Select Save File: 
2017-03-17 16:44:33,925 INFO  [Log] Number of courses	:     17 
2017-03-17 16:46:28,030 INFO  [Log] Number of courses	:     17 
2017-03-17 16:47:01,263 INFO  [Log] Select Save File: 
2017-03-17 16:50:27,530 INFO  [Log] Number of courses	:     17 
2017-03-17 16:51:06,374 INFO  [Log] Select Save File: 
2017-03-17 16:53:34,015 INFO  [Log] Number of courses	:     17 
2017-03-17 16:54:05,859 INFO  [Log] Select Save File: 
2017-03-21 14:33:48,011 INFO  [Log] Number of courses	:     17 
2017-03-21 14:34:21,992 INFO  [Log] Select Save File: 
2017-03-21 15:40:32,716 INFO  [Log] Number of courses	:     17 
2017-03-21 15:41:09,862 INFO  [Log] Select Save File: 
2017-03-21 15:44:27,620 INFO  [Log] Number of courses	:     17 
2017-03-21 15:45:01,813 INFO  [Log] Select Save File: 
2017-03-21 15:50:02,071 INFO  [Log] Number of courses	:     17 
2017-03-21 15:50:34,552 INFO  [Log] Select Save File: 
2017-03-21 16:05:37,297 INFO  [Log] Number of courses	:     17 
2017-03-21 16:06:07,941 INFO  [Log] Select Save File: 
2017-03-21 16:09:34,750 INFO  [Log] Number of courses	:     17 
2017-03-21 16:10:05,222 INFO  [Log] Select Save File: 
2017-03-21 16:16:01,364 INFO  [Log] Number of courses	:     17 
2017-03-21 16:16:34,781 INFO  [Log] Select Save File: 
2017-03-21 16:30:34,585 INFO  [Log] Number of courses	:     17 
2017-03-21 16:31:06,474 INFO  [Log] Select Save File: 
2017-03-23 15:58:55,569 INFO  [Log] Number of courses	:     17 
2017-03-23 16:28:07,726 INFO  [Log] Number of courses	:     17 
2017-03-23 16:28:46,746 INFO  [Log] No packet tracer found 
2017-03-23 16:41:31,309 INFO  [Log] Number of courses	:     17 
2017-03-23 16:42:08,868 INFO  [Log] No packet tracer found 
2017-04-05 15:19:02,399 INFO  [Log] Number of courses	:     17 
2017-04-05 15:27:00,287 INFO  [Log] No packet tracer found 
2017-04-12 12:29:03,553 INFO  [Log] Number of courses	:     17 
2017-04-12 12:30:03,330 INFO  [Log] No packet tracer found 
2017-05-03 16:35:42,636 INFO  [Log] Goal Experince is selected: To enter or advance in a career in IT 
2017-05-03 16:35:45,242 INFO  [Log] IT Experince is selected: Three to Five years 
2017-05-03 16:35:47,940 INFO  [Log] Gender is selected: Female 
2017-05-03 16:35:50,472 INFO  [Log] Race is selected: Hispanic or Latino 
2017-05-03 16:35:52,960 INFO  [Log] Military Service is selected: Yes 
2017-05-03 16:36:05,056 INFO  [Log] Number of courses	:     17 
2017-05-03 16:48:49,403 INFO  [Log] Number of courses	:     17 
2017-05-03 16:54:39,744 INFO  [Log] Number of courses	:     17 
2017-05-03 16:58:45,501 INFO  [Log] Number of courses	:     17 
2017-05-03 16:59:28,151 INFO  [Log] No packet tracer found 
2017-05-04 13:09:04,753 INFO  [Log] Number of courses	:     17 
2017-05-04 13:10:04,061 INFO  [Log] No packet tracer found 
2017-05-05 15:03:39,489 INFO  [Log] Number of courses	:     17 
2017-05-05 15:04:37,492 INFO  [Log] No packet tracer found 
2017-05-05 15:35:27,547 INFO  [Log] Number of courses	:     17 
2017-05-05 15:36:09,440 INFO  [Log] No packet tracer found 
2017-05-05 15:42:56,376 INFO  [Log] Number of courses	:     17 
2017-05-05 15:43:33,753 INFO  [Log] No packet tracer found 
2017-05-05 15:52:56,274 INFO  [Log] Number of courses	:     17 
2017-05-05 15:53:35,127 INFO  [Log] No packet tracer found 
2017-05-05 15:57:15,244 INFO  [Log] Number of courses	:     17 
2017-05-05 15:57:54,853 INFO  [Log] No packet tracer found 
2017-05-05 18:00:10,155 INFO  [Log] Number of courses	:     17 
2017-05-05 18:01:02,360 INFO  [Log] No packet tracer found 
2017-05-05 18:04:32,993 INFO  [Log] Number of courses	:     17 
2017-05-05 18:05:10,911 INFO  [Log] No packet tracer found 
2017-05-05 18:09:13,153 INFO  [Log] Number of courses	:     17 
2017-05-05 18:09:58,507 INFO  [Log] No packet tracer found 
2017-05-15 15:19:19,402 INFO  [Log] Number of courses	:     3 
2017-05-15 15:20:21,348 INFO  [Log] No packet tracer found 
2017-05-16 15:20:07,843 INFO  [Log] Number of courses	:     3 
2017-05-22 14:59:42,677 INFO  [Log] Number of courses	:     3 
2017-05-22 15:00:47,492 INFO  [Log] No packet tracer found 
2017-05-22 15:05:05,895 INFO  [Log] Number of courses	:     3 
2017-05-22 15:05:45,748 INFO  [Log] No packet tracer found 
2017-05-22 15:11:31,180 INFO  [Log] Number of courses	:     3 
2017-05-22 15:12:12,903 INFO  [Log] No packet tracer found 
2017-05-22 15:16:05,880 INFO  [Log] Number of courses	:     3 
2017-05-22 15:16:48,759 INFO  [Log] No packet tracer found 
2017-05-22 15:31:32,140 INFO  [Log] Number of courses	:     3 
2017-05-22 15:32:25,096 INFO  [Log] No packet tracer found 
2017-05-22 15:38:23,832 INFO  [Log] Number of courses	:     3 
2017-05-22 15:39:06,536 INFO  [Log] No packet tracer found 
2017-05-22 15:46:37,933 INFO  [Log] Number of courses	:     3 
2017-05-22 15:47:15,819 INFO  [Log] No packet tracer found 
2017-05-22 16:02:31,714 INFO  [Log] Number of courses	:     3 
2017-05-22 16:03:12,264 INFO  [Log] No packet tracer found 
2017-05-22 16:05:16,392 INFO  [Log] Number of courses	:     3 
2017-05-22 16:05:58,094 INFO  [Log] No packet tracer found 
2017-05-22 16:27:42,196 INFO  [Log] Number of courses	:     3 
2017-05-22 16:28:22,940 INFO  [Log] No packet tracer found 
2017-05-22 17:02:03,999 INFO  [Log] Number of courses	:     3 
2017-05-22 17:02:44,340 INFO  [Log] No packet tracer found 
2017-05-22 17:30:59,239 INFO  [Log] Number of courses	:     3 
2017-05-22 17:31:43,731 INFO  [Log] No packet tracer found 
2017-06-05 12:41:18,755 INFO  [Log] Number of courses	:     3 
2017-06-05 12:42:39,595 INFO  [Log] No packet tracer found 
2017-06-06 16:09:47,123 INFO  [Log] Goal Experince is selected: To enter or advance in a career in IT 
2017-06-06 16:09:49,724 INFO  [Log] IT Experince is selected: Three to Five years 
2017-06-06 16:09:52,263 INFO  [Log] Gender is selected: Female 
2017-06-06 16:09:54,807 INFO  [Log] Race is selected: Hispanic or Latino 
2017-06-06 16:09:57,339 INFO  [Log] Military Service is selected: Yes 
2017-06-06 16:10:10,275 INFO  [Log] Number of courses	:     3 
2017-06-06 16:11:18,889 INFO  [Log] No packet tracer found 
2017-06-06 17:37:17,599 INFO  [Log] Number of courses	:     3 
2017-06-06 17:39:38,784 INFO  [Log] Number of courses	:     3 
2017-06-06 17:40:18,112 INFO  [Log] No packet tracer found 
2017-06-06 17:46:44,837 INFO  [Log] Number of courses	:     3 
2017-06-06 17:47:25,267 INFO  [Log] No packet tracer found 
2017-06-07 15:23:00,191 INFO  [Log] Number of courses	:     3 
2017-06-07 15:23:34,007 INFO  [Log] language: English 
2017-06-07 15:23:34,209 INFO  [Log] language: Russian 
2017-06-07 15:23:49,957 INFO  [Log] No packet tracer found 
2017-06-07 15:25:33,579 INFO  [Log] Number of courses	:     3 
2017-06-07 15:26:02,441 INFO  [Log] language: English 
2017-06-07 15:26:02,602 INFO  [Log] language: Russian 
2017-06-07 15:26:18,127 INFO  [Log] No packet tracer found 
2017-06-07 16:36:57,501 INFO  [Log] Number of courses	:     3 
2017-06-07 16:37:31,160 INFO  [Log] language: English 
2017-06-07 16:37:31,307 INFO  [Log] language: Russian 
2017-06-07 16:37:49,880 INFO  [Log] No packet tracer found 
2017-06-07 16:53:52,093 INFO  [Log] Number of courses	:     3 
2017-06-07 16:54:20,607 INFO  [Log] language: English 
2017-06-07 16:54:20,769 INFO  [Log] language: Russian 
2017-06-07 16:54:36,096 INFO  [Log] No packet tracer found 
2017-06-07 17:34:36,460 INFO  [Log] Number of courses	:     3 
2017-06-07 17:43:33,247 INFO  [Log] Number of courses	:     3 
2017-06-07 17:50:31,265 INFO  [Log] Number of courses	:     3 
2017-06-07 18:52:54,705 INFO  [Log] Number of courses	:     3 
2017-06-07 18:53:35,810 INFO  [Log] language: English 
2017-06-07 18:53:35,985 INFO  [Log] language: Russian 
2017-06-07 18:53:51,281 INFO  [Log] No packet tracer found 
2017-06-07 18:57:46,004 INFO  [Log] Number of courses	:     3 
2017-06-07 18:58:23,576 INFO  [Log] language: English 
2017-06-07 18:58:23,710 INFO  [Log] language: Russian 
2017-06-07 18:58:38,753 INFO  [Log] No packet tracer found 
2017-06-19 15:38:07,963 INFO  [Log] Number of courses	:     21 
2017-06-19 15:38:35,241 INFO  [Log] language: English 
2017-06-19 15:38:35,469 INFO  [Log] language: Georgian 
2017-06-19 15:38:53,194 INFO  [Log] No packet tracer found 
2017-06-19 16:03:23,715 INFO  [Log] Number of courses	:     21 
2017-06-19 16:03:56,560 INFO  [Log] language: English 
2017-06-19 16:03:56,721 INFO  [Log] language: Georgian 
2017-06-19 16:04:14,189 INFO  [Log] No packet tracer found 
2017-06-19 16:13:59,706 INFO  [Log] Number of courses	:     21 
2017-06-19 16:14:26,586 INFO  [Log] language: English 
2017-06-19 16:14:26,816 INFO  [Log] language: Georgian 
2017-06-19 16:14:47,299 INFO  [Log] No packet tracer found 
2017-06-19 16:22:22,972 INFO  [Log] Number of courses	:     21 
2017-06-19 16:22:48,041 INFO  [Log] language: English 
2017-06-19 16:22:48,252 INFO  [Log] language: Georgian 
2017-06-19 16:23:08,365 INFO  [Log] No packet tracer found 
2017-06-19 16:25:16,042 INFO  [Log] Number of courses	:     21 
2017-06-19 16:25:42,868 INFO  [Log] language: English 
2017-06-19 16:25:43,045 INFO  [Log] language: Georgian 
2017-06-19 16:26:03,105 INFO  [Log] No packet tracer found 
2017-06-19 16:31:18,623 INFO  [Log] Number of courses	:     21 
2017-06-19 16:31:43,722 INFO  [Log] language: English 
2017-06-19 16:31:44,021 INFO  [Log] language: Georgian 
2017-06-19 16:32:04,515 INFO  [Log] No packet tracer found 
2017-06-19 16:37:42,817 INFO  [Log] Number of courses	:     21 
2017-06-19 16:38:09,018 INFO  [Log] language: English 
2017-06-19 16:38:09,231 INFO  [Log] language: Georgian 
2017-06-19 16:38:31,047 INFO  [Log] No packet tracer found 
2017-06-19 16:55:39,698 INFO  [Log] Number of courses	:     21 
2017-06-19 16:56:05,088 INFO  [Log] language: English 
2017-06-19 16:56:05,250 INFO  [Log] language: Georgian 
2017-06-19 16:56:28,477 INFO  [Log] No packet tracer found 
2017-06-21 12:27:16,880 INFO  [Log] Number of courses	:     21 
2017-06-21 12:30:13,638 INFO  [Log] Number of courses	:     21 
2017-06-21 12:30:43,564 INFO  [Log] language: English 
2017-06-21 12:30:43,749 INFO  [Log] language: Georgian 
2017-06-21 12:31:06,651 INFO  [Log] No packet tracer found 
2017-06-21 12:36:20,577 INFO  [Log] Number of courses	:     21 
2017-06-21 12:36:46,537 INFO  [Log] language: English 
2017-06-21 12:36:46,670 INFO  [Log] language: Georgian 
2017-06-21 12:37:08,631 INFO  [Log] No packet tracer found 
2017-06-21 12:44:47,447 INFO  [Log] Number of courses	:     21 
2017-06-21 12:45:12,491 INFO  [Log] language: English 
2017-06-21 12:45:12,644 INFO  [Log] language: Georgian 
2017-06-21 12:45:32,241 INFO  [Log] No packet tracer found 
2017-06-21 12:49:01,132 INFO  [Log] Number of courses	:     21 
2017-06-21 12:49:27,485 INFO  [Log] language: English 
2017-06-21 12:49:27,741 INFO  [Log] language: Georgian 
2017-06-21 12:49:47,272 INFO  [Log] No packet tracer found 
2017-06-21 12:53:13,344 INFO  [Log] Number of courses	:     21 
2017-06-21 12:53:40,617 INFO  [Log] language: English 
2017-06-21 12:53:40,998 INFO  [Log] language: Georgian 
2017-06-21 12:54:00,807 INFO  [Log] No packet tracer found 
2017-06-21 14:55:40,954 INFO  [Log] language: Georgian 
2017-06-21 14:55:56,767 INFO  [Log] No packet tracer found 
2017-06-21 15:00:45,415 INFO  [Log] language: English 
2017-06-21 15:00:45,567 INFO  [Log] language: Georgian 
2017-06-21 15:01:02,015 INFO  [Log] No packet tracer found 
2017-06-21 15:15:45,284 INFO  [Log] language: Georgian 
2017-06-21 15:16:03,474 INFO  [Log] No packet tracer found 
2017-06-21 15:25:38,598 INFO  [Log] language: Georgian 
2017-06-21 15:25:54,099 INFO  [Log] No packet tracer found 
2017-06-21 15:30:48,678 INFO  [Log] language: English 
2017-06-21 15:30:48,838 INFO  [Log] language: Georgian 
2017-06-21 15:31:04,687 INFO  [Log] No packet tracer found 
2017-06-21 15:34:05,655 INFO  [Log] language: English 
2017-06-21 15:34:05,843 INFO  [Log] language: Georgian 
2017-06-21 15:34:22,267 INFO  [Log] No packet tracer found 
2017-06-21 15:38:51,971 INFO  [Log] language: English 
2017-06-21 15:38:52,129 INFO  [Log] language: Georgian 
2017-06-21 15:39:08,187 INFO  [Log] No packet tracer found 
2017-06-21 15:45:41,052 INFO  [Log] language: English 
2017-06-21 15:45:41,199 INFO  [Log] language: Georgian 
2017-06-21 15:45:56,798 INFO  [Log] No packet tracer found 
2017-06-22 12:57:48,263 INFO  [Log] language: English 
2017-06-22 12:57:48,614 INFO  [Log] language: Georgian 
2017-06-22 12:58:05,820 INFO  [Log] No packet tracer found 
2017-06-22 13:05:17,200 INFO  [Log] language: English 
2017-06-22 13:05:17,376 INFO  [Log] language: Georgian 
2017-06-22 13:05:33,658 INFO  [Log] No packet tracer found 
2017-06-22 14:29:44,786 INFO  [Log] language: English 
2017-06-22 14:29:44,947 INFO  [Log] language: Georgian 
2017-06-22 14:30:01,821 INFO  [Log] No packet tracer found 
2017-06-22 14:42:36,564 INFO  [Log] language: English 
2017-06-22 14:42:36,853 INFO  [Log] language: Georgian 
2017-06-22 14:44:11,803 INFO  [Log] language: English 
2017-06-22 14:44:12,023 INFO  [Log] language: Georgian 
2017-06-22 14:44:28,251 INFO  [Log] No packet tracer found 
2017-06-22 14:56:58,872 INFO  [Log] language: Georgian 
2017-06-22 14:57:14,802 INFO  [Log] No packet tracer found 
2017-06-22 14:59:50,463 INFO  [Log] language: English 
2017-06-22 14:59:50,624 INFO  [Log] language: Georgian 
2017-06-22 15:00:06,455 INFO  [Log] No packet tracer found 
2017-06-22 15:05:28,920 INFO  [Log] language: English 
2017-06-22 15:05:29,079 INFO  [Log] language: Georgian 
2017-06-22 15:05:44,863 INFO  [Log] No packet tracer found 
2017-06-22 15:15:39,013 INFO  [Log] language: English 
2017-06-22 15:15:39,332 INFO  [Log] language: Georgian 
2017-06-22 15:15:58,140 INFO  [Log] No packet tracer found 
2017-06-22 15:32:15,398 INFO  [Log] language: English 
2017-06-22 15:32:15,647 INFO  [Log] language: Georgian 
2017-06-22 15:32:32,637 INFO  [Log] No packet tracer found 
2017-06-22 15:38:10,633 INFO  [Log] language: English 
2017-06-22 15:38:10,859 INFO  [Log] language: Georgian 
2017-06-22 15:38:27,175 INFO  [Log] No packet tracer found 
2017-06-22 15:45:55,654 INFO  [Log] language: English 
2017-06-22 15:45:55,819 INFO  [Log] language: Georgian 
2017-06-22 15:46:13,057 INFO  [Log] No packet tracer found 
2017-06-22 15:59:24,792 INFO  [Log] language: English 
2017-06-22 15:59:24,971 INFO  [Log] language: Georgian 
2017-06-22 15:59:42,025 INFO  [Log] No packet tracer found 
2017-06-22 16:08:21,130 INFO  [Log] language: English 
2017-06-22 16:08:21,372 INFO  [Log] language: Georgian 
2017-06-22 16:08:37,148 INFO  [Log] No packet tracer found 
2017-06-22 16:17:38,046 INFO  [Log] Number of courses	:     21 
2017-06-22 16:18:01,366 INFO  [Log] language: English 
2017-06-22 16:18:01,553 INFO  [Log] language: Georgian 
2017-06-22 16:18:18,030 INFO  [Log] No packet tracer found 
2017-06-22 16:20:44,513 INFO  [Log] language: English 
2017-06-22 16:20:44,656 INFO  [Log] language: Georgian 
2017-06-22 16:21:00,948 INFO  [Log] No packet tracer found 
2017-06-22 16:29:20,014 INFO  [Log] language: English 
2017-06-22 16:29:20,207 INFO  [Log] language: Georgian 
2017-06-22 16:29:35,893 INFO  [Log] No packet tracer found 
2017-06-22 17:48:22,921 INFO  [Log] language: English 
2017-06-22 17:48:23,076 INFO  [Log] language: Georgian 
2017-06-22 17:48:39,142 INFO  [Log] No packet tracer found 
2017-06-22 17:54:15,691 INFO  [Log] language: English 
2017-06-22 17:54:15,873 INFO  [Log] language: Georgian 
2017-06-22 17:54:32,172 INFO  [Log] No packet tracer found 
2017-06-22 17:57:09,303 INFO  [Log] language: English 
2017-06-22 17:57:09,506 INFO  [Log] language: Georgian 
2017-06-22 17:57:24,746 INFO  [Log] No packet tracer found 
2017-06-22 17:59:43,922 INFO  [Log] language: Georgian 
2017-06-22 17:59:58,955 INFO  [Log] No packet tracer found 
2017-06-22 18:00:55,158 INFO  [Log] language: Georgian 
2017-06-22 18:01:10,159 INFO  [Log] No packet tracer found 
2017-06-22 18:02:15,342 INFO  [Log] language: Georgian 
2017-06-22 18:02:30,556 INFO  [Log] No packet tracer found 
2017-06-22 18:03:49,111 INFO  [Log] language: English 
2017-06-22 18:03:49,259 INFO  [Log] language: Georgian 
2017-06-22 18:04:04,301 INFO  [Log] No packet tracer found 
2017-06-22 18:06:30,803 INFO  [Log] language: Georgian 
2017-06-22 18:06:44,990 INFO  [Log] No packet tracer found 
2017-06-22 18:09:39,083 INFO  [Log] language: English 
2017-06-22 18:09:39,224 INFO  [Log] language: Georgian 
2017-06-22 18:09:54,499 INFO  [Log] No packet tracer found 
2017-06-22 18:11:52,562 INFO  [Log] language: English 
2017-06-22 18:11:52,890 INFO  [Log] language: Georgian 
2017-06-22 18:12:08,328 INFO  [Log] No packet tracer found 
2017-06-22 18:13:15,311 INFO  [Log] language: English 
2017-06-22 18:13:15,502 INFO  [Log] language: Georgian 
2017-06-22 18:13:31,473 INFO  [Log] No packet tracer found 
2017-06-22 18:15:56,645 INFO  [Log] language: English 
2017-06-22 18:15:56,834 INFO  [Log] language: Georgian 
2017-06-22 18:16:11,191 INFO  [Log] No packet tracer found 
2017-06-22 18:17:13,186 INFO  [Log] language: Georgian 
2017-06-22 18:17:28,932 INFO  [Log] No packet tracer found 
2017-06-22 18:18:34,033 INFO  [Log] language: Georgian 
2017-06-22 18:18:49,212 INFO  [Log] No packet tracer found 
2017-06-22 18:20:54,023 INFO  [Log] language: English 
2017-06-22 18:20:54,253 INFO  [Log] language: Georgian 
2017-06-22 18:21:09,376 INFO  [Log] No packet tracer found 
2017-06-22 18:23:05,348 INFO  [Log] language: Georgian 
2017-06-22 18:23:19,540 INFO  [Log] No packet tracer found 
2017-06-22 18:26:19,224 INFO  [Log] language: Georgian 
2017-06-22 18:26:33,280 INFO  [Log] No packet tracer found 
2017-06-22 18:28:56,826 INFO  [Log] language: Georgian 
2017-06-22 18:29:11,242 INFO  [Log] No packet tracer found 
2017-06-23 11:57:16,020 INFO  [Log] language: English 
2017-06-23 11:57:31,683 INFO  [Log] Select Save File: 
2017-06-23 12:00:05,553 INFO  [Log] language: English 
2017-06-23 12:00:16,187 INFO  [Log] Select Save File: 
2017-06-23 12:09:52,226 INFO  [Log] language: English 
2017-06-23 12:10:01,409 INFO  [Log] Select Save File: 
2017-06-23 12:16:59,408 INFO  [Log] language: English 
2017-06-23 12:17:10,297 INFO  [Log] Select Save File: 
2017-06-23 12:23:23,132 INFO  [Log] language: English 
2017-06-23 12:23:23,383 INFO  [Log] language: Georgian 
2017-06-23 12:23:39,417 INFO  [Log] No packet tracer found 
2017-06-23 12:30:50,818 INFO  [Log] language: English 
2017-06-23 12:30:50,976 INFO  [Log] language: Georgian 
2017-06-23 12:31:07,389 INFO  [Log] No packet tracer found 
2017-06-23 12:36:04,682 INFO  [Log] language: English 
2017-06-23 12:36:04,830 INFO  [Log] language: Georgian 
2017-06-23 12:36:21,597 INFO  [Log] No packet tracer found 
2017-06-23 12:39:38,936 INFO  [Log] language: English 
2017-06-23 12:39:39,133 INFO  [Log] language: Georgian 
2017-06-23 12:39:54,884 INFO  [Log] No packet tracer found 
2017-06-23 12:47:19,794 INFO  [Log] language: English 
2017-06-23 12:47:19,939 INFO  [Log] language: Georgian 
2017-06-23 12:47:35,838 INFO  [Log] No packet tracer found 
2017-06-23 12:51:44,802 INFO  [Log] language: English 
2017-06-23 12:51:44,960 INFO  [Log] language: Georgian 
2017-06-23 12:52:00,223 INFO  [Log] No packet tracer found 
2017-06-23 12:58:56,186 INFO  [Log] language: English 
2017-06-23 12:58:56,415 INFO  [Log] language: Georgian 
2017-06-23 12:59:12,202 INFO  [Log] No packet tracer found 
2017-06-23 13:03:11,791 INFO  [Log] language: English 
2017-06-23 13:03:11,924 INFO  [Log] language: Georgian 
2017-06-23 13:03:27,604 INFO  [Log] No packet tracer found 
2017-06-23 14:48:23,156 INFO  [Log] language: German 
2017-06-23 14:50:18,337 INFO  [Log] language: German 
2017-06-23 14:50:34,727 INFO  [Log] No packet tracer found 
2017-06-23 16:31:04,598 INFO  [Log] language: German 
2017-06-23 16:31:21,011 INFO  [Log] No packet tracer found 
2017-06-23 16:36:10,483 INFO  [Log] language: German 
2017-06-23 16:36:26,542 INFO  [Log] No packet tracer found 
2017-06-23 16:39:48,744 INFO  [Log] language: German 
2017-06-23 16:40:04,083 INFO  [Log] No packet tracer found 
2017-06-23 16:44:35,421 INFO  [Log] language: German 
2017-06-23 16:44:51,106 INFO  [Log] No packet tracer found 
2017-06-23 17:00:34,691 INFO  [Log] language: German 
2017-06-23 17:00:50,145 INFO  [Log] No packet tracer found 
2017-06-26 13:11:20,886 INFO  [Log] language: English 
2017-06-26 13:11:21,091 INFO  [Log] language: Georgian 
2017-06-26 13:11:40,927 INFO  [Log] No packet tracer found 
2017-06-26 13:37:11,575 INFO  [Log] language: English 
2017-06-26 13:37:11,740 INFO  [Log] language: Georgian 
2017-06-26 13:37:33,224 INFO  [Log] No packet tracer found 
2017-06-26 16:06:32,340 INFO  [Log] Number of courses	:     21 
2017-06-26 16:06:56,355 INFO  [Log] language: English 
2017-06-26 16:06:56,520 INFO  [Log] language: Georgian 
2017-06-26 16:07:14,325 INFO  [Log] No packet tracer found 
2017-06-26 16:13:42,465 INFO  [Log] language: English 
2017-06-26 16:13:42,688 INFO  [Log] language: Georgian 
2017-06-26 16:13:58,874 INFO  [Log] No packet tracer found 
2017-06-26 16:21:10,618 INFO  [Log] language: English 
2017-06-26 16:21:10,849 INFO  [Log] language: Georgian 
2017-06-26 16:21:26,394 INFO  [Log] No packet tracer found 
2017-06-27 11:33:01,799 INFO  [Log] Number of courses	:     21 
2017-06-27 11:33:48,641 INFO  [Log] No packet tracer found 
2017-06-27 11:44:22,092 INFO  [Log] Number of courses	:     21 
2017-06-27 11:58:32,059 INFO  [Log] Number of courses	:     21 
2017-06-27 11:59:09,223 INFO  [Log] No packet tracer found 
2017-06-27 12:19:27,297 INFO  [Log] Number of courses	:     21 
2017-06-27 12:22:44,589 INFO  [Log] Number of courses	:     21 
2017-06-27 12:23:26,527 INFO  [Log] No packet tracer found 
2017-06-27 12:25:35,932 INFO  [Log] Number of courses	:     21 
2017-06-27 12:26:14,546 INFO  [Log] No packet tracer found 
2017-06-27 12:30:44,279 INFO  [Log] Number of courses	:     21 
2017-06-27 12:31:22,575 INFO  [Log] No packet tracer found 
2017-06-27 13:13:15,672 INFO  [Log] Number of courses	:     21 
2017-06-27 13:13:53,562 INFO  [Log] No packet tracer found 
2017-06-27 15:35:25,273 INFO  [Log] Number of courses	:     21 
2017-06-27 15:36:04,783 INFO  [Log] No packet tracer found 
2017-06-27 15:39:30,718 INFO  [Log] Number of courses	:     21 
2017-06-27 15:41:39,896 INFO  [Log] No packet tracer found 
2017-06-27 15:45:57,422 INFO  [Log] Number of courses	:     21 
2017-06-27 15:46:50,521 INFO  [Log] No packet tracer found 
2017-06-27 15:54:03,467 INFO  [Log] Number of courses	:     21 
2017-06-27 16:23:59,092 INFO  [Log] Number of courses	:     21 
2017-06-27 16:26:05,474 INFO  [Log] Number of courses	:     21 
2017-06-27 16:26:42,730 INFO  [Log] No packet tracer found 
2017-06-27 16:30:36,286 INFO  [Log] Number of courses	:     21 
2017-06-27 16:31:15,635 INFO  [Log] No packet tracer found 
